<?xml version="1.0" encoding="UTF-8"?>
<!-- Generated by org.testng.reporters.JUnitReportReporter -->
<testsuite hostname="DESKTOP-KA91B3B" failures="0" tests="1" name="com.OrangeHRM.testCases.TC_MI_006" time="15.339" errors="0" timestamp="2021-03-21T23:31:03 BDT" skipped="0">
  <testcase classname="com.OrangeHRM.testCases.TC_MI_006" name="editPersonalDetails" time="15.339"/>
  <system-out/>
</testsuite> <!-- com.OrangeHRM.testCases.TC_MI_006 -->
